2020-08-07 19:13:39.241  INFO 2588 --- [restartedMain] com.hk.blog.BlogApplication              : Starting BlogApplication on DESKTOP-0EJ1N0L with PID 2588 (E:\IntelliJ IDEA Dome\blog\blog\target\classes started by Mr.Duan in E:\IntelliJ IDEA Dome\blog\blog)
2020-08-07 19:13:39.267 DEBUG 2588 --- [restartedMain] com.hk.blog.BlogApplication              : Running with Spring Boot v2.3.1.RELEASE, Spring v5.2.7.RELEASE
2020-08-07 19:13:39.268  INFO 2588 --- [restartedMain] com.hk.blog.BlogApplication              : The following profiles are active: pro
2020-08-07 19:13:45.247  INFO 2588 --- [restartedMain] com.hk.blog.BlogApplication              : Started BlogApplication in 7.273 seconds (JVM running for 8.85)
2020-08-07 19:15:21.664 DEBUG 2588 --- [http-nio-8181-exec-10] com.hk.blog.dao.UserDAO.findByUsername   : ==>  Preparing: select * from t_user where username = ? 
2020-08-07 19:15:21.700 DEBUG 2588 --- [http-nio-8181-exec-10] com.hk.blog.dao.UserDAO.findByUsername   : ==> Parameters: admin(String)
2020-08-07 19:15:21.743 DEBUG 2588 --- [http-nio-8181-exec-10] com.hk.blog.dao.UserDAO.findByUsername   : <==      Total: 1
2020-08-07 19:15:22.359  INFO 2588 --- [http-nio-8181-exec-9] com.hk.blog.aspect.LogAspect             : Request : {url='http://localhost:8181/footer/newblog', ip='0:0:0:0:0:0:0:1', classMethod='com.hk.blog.controller.IndexController.newblogs', args=[{}]}
2020-08-07 19:15:22.385 DEBUG 2588 --- [http-nio-8181-exec-9] com.hk.blog.dao.BlogDAO.findTop          : ==>  Preparing: select * from t_blog where recommend=1 order by update_time desc limit ? 
2020-08-07 19:15:22.385 DEBUG 2588 --- [http-nio-8181-exec-9] com.hk.blog.dao.BlogDAO.findTop          : ==> Parameters: 3(Integer)
2020-08-07 19:15:22.471 DEBUG 2588 --- [http-nio-8181-exec-9] com.hk.blog.dao.BlogDAO.findTop          : <==      Total: 3
2020-08-07 19:15:22.472  INFO 2588 --- [http-nio-8181-exec-9] com.hk.blog.aspect.LogAspect             : Result : _fragments :: newblogList
2020-08-07 19:15:23.587 DEBUG 2588 --- [http-nio-8181-exec-10] com.hk.blog.dao.BlogDAO.listAll_COUNT    : ==>  Preparing: SELECT count(0) FROM t_blog 
2020-08-07 19:15:23.588 DEBUG 2588 --- [http-nio-8181-exec-10] com.hk.blog.dao.BlogDAO.listAll_COUNT    : ==> Parameters: 
2020-08-07 19:15:23.597 DEBUG 2588 --- [http-nio-8181-exec-10] com.hk.blog.dao.BlogDAO.listAll_COUNT    : <==      Total: 1
2020-08-07 19:15:23.599 DEBUG 2588 --- [http-nio-8181-exec-10] com.hk.blog.dao.BlogDAO.listAll          : ==>  Preparing: select * from t_blog order by update_time desc LIMIT ? 
2020-08-07 19:15:23.600 DEBUG 2588 --- [http-nio-8181-exec-10] com.hk.blog.dao.BlogDAO.listAll          : ==> Parameters: 5(Integer)
2020-08-07 19:15:23.638 DEBUG 2588 --- [http-nio-8181-exec-10] com.hk.blog.dao.BlogDAO.listAll          : <==      Total: 5
2020-08-07 19:15:23.639 DEBUG 2588 --- [http-nio-8181-exec-10] com.hk.blog.dao.UserDAO.findByUserId     : ==>  Preparing: select * from t_user where id = ? 
2020-08-07 19:15:23.640 DEBUG 2588 --- [http-nio-8181-exec-10] com.hk.blog.dao.UserDAO.findByUserId     : ==> Parameters: 1(Long)
2020-08-07 19:15:23.655 DEBUG 2588 --- [http-nio-8181-exec-10] com.hk.blog.dao.UserDAO.findByUserId     : <==      Total: 1
2020-08-07 19:15:23.657 DEBUG 2588 --- [http-nio-8181-exec-10] com.hk.blog.dao.TypeDAO.getOne           : ==>  Preparing: select * from t_type where id=? 
2020-08-07 19:15:23.657 DEBUG 2588 --- [http-nio-8181-exec-10] com.hk.blog.dao.TypeDAO.getOne           : ==> Parameters: 15(Long)
2020-08-07 19:15:23.666 DEBUG 2588 --- [http-nio-8181-exec-10] com.hk.blog.dao.TypeDAO.getOne           : <==      Total: 1
2020-08-07 19:15:23.667 DEBUG 2588 --- [http-nio-8181-exec-10] c.hk.blog.dao.BlogTagsDAO.getOneByBlog   : ==>  Preparing: select * from t_blog_tags where blogs_id=? 
2020-08-07 19:15:23.668 DEBUG 2588 --- [http-nio-8181-exec-10] c.hk.blog.dao.BlogTagsDAO.getOneByBlog   : ==> Parameters: 25(Long)
2020-08-07 19:15:23.678 DEBUG 2588 --- [http-nio-8181-exec-10] c.hk.blog.dao.BlogTagsDAO.getOneByBlog   : <==      Total: 1
2020-08-07 19:15:23.679 DEBUG 2588 --- [http-nio-8181-exec-10] com.hk.blog.dao.TagDAO.getOne            : ==>  Preparing: select * from t_tag where id=? 
2020-08-07 19:15:23.680 DEBUG 2588 --- [http-nio-8181-exec-10] com.hk.blog.dao.TagDAO.getOne            : ==> Parameters: 18(Long)
2020-08-07 19:15:23.696 DEBUG 2588 --- [http-nio-8181-exec-10] com.hk.blog.dao.TagDAO.getOne            : <==      Total: 1
2020-08-07 19:15:23.697 DEBUG 2588 --- [http-nio-8181-exec-10] com.hk.blog.dao.UserDAO.findByUserId     : ==>  Preparing: select * from t_user where id = ? 
2020-08-07 19:15:23.698 DEBUG 2588 --- [http-nio-8181-exec-10] com.hk.blog.dao.UserDAO.findByUserId     : ==> Parameters: 1(Long)
2020-08-07 19:15:23.711 DEBUG 2588 --- [http-nio-8181-exec-10] com.hk.blog.dao.UserDAO.findByUserId     : <==      Total: 1
2020-08-07 19:15:23.712 DEBUG 2588 --- [http-nio-8181-exec-10] com.hk.blog.dao.TypeDAO.getOne           : ==>  Preparing: select * from t_type where id=? 
2020-08-07 19:15:23.712 DEBUG 2588 --- [http-nio-8181-exec-10] com.hk.blog.dao.TypeDAO.getOne           : ==> Parameters: 15(Long)
2020-08-07 19:15:23.730 DEBUG 2588 --- [http-nio-8181-exec-10] com.hk.blog.dao.TypeDAO.getOne           : <==      Total: 1
2020-08-07 19:15:23.730 DEBUG 2588 --- [http-nio-8181-exec-10] c.hk.blog.dao.BlogTagsDAO.getOneByBlog   : ==>  Preparing: select * from t_blog_tags where blogs_id=? 
2020-08-07 19:15:23.731 DEBUG 2588 --- [http-nio-8181-exec-10] c.hk.blog.dao.BlogTagsDAO.getOneByBlog   : ==> Parameters: 26(Long)
2020-08-07 19:15:23.743 DEBUG 2588 --- [http-nio-8181-exec-10] c.hk.blog.dao.BlogTagsDAO.getOneByBlog   : <==      Total: 1
2020-08-07 19:15:23.744 DEBUG 2588 --- [http-nio-8181-exec-10] com.hk.blog.dao.TagDAO.getOne            : ==>  Preparing: select * from t_tag where id=? 
2020-08-07 19:15:23.744 DEBUG 2588 --- [http-nio-8181-exec-10] com.hk.blog.dao.TagDAO.getOne            : ==> Parameters: 10(Long)
2020-08-07 19:15:23.756 DEBUG 2588 --- [http-nio-8181-exec-10] com.hk.blog.dao.TagDAO.getOne            : <==      Total: 1
2020-08-07 19:15:23.757 DEBUG 2588 --- [http-nio-8181-exec-10] com.hk.blog.dao.UserDAO.findByUserId     : ==>  Preparing: select * from t_user where id = ? 
2020-08-07 19:15:23.757 DEBUG 2588 --- [http-nio-8181-exec-10] com.hk.blog.dao.UserDAO.findByUserId     : ==> Parameters: 1(Long)
2020-08-07 19:15:23.771 DEBUG 2588 --- [http-nio-8181-exec-10] com.hk.blog.dao.UserDAO.findByUserId     : <==      Total: 1
2020-08-07 19:15:23.771 DEBUG 2588 --- [http-nio-8181-exec-10] com.hk.blog.dao.TypeDAO.getOne           : ==>  Preparing: select * from t_type where id=? 
2020-08-07 19:15:23.771 DEBUG 2588 --- [http-nio-8181-exec-10] com.hk.blog.dao.TypeDAO.getOne           : ==> Parameters: 16(Long)
2020-08-07 19:15:23.784 DEBUG 2588 --- [http-nio-8181-exec-10] com.hk.blog.dao.TypeDAO.getOne           : <==      Total: 1
2020-08-07 19:15:23.784 DEBUG 2588 --- [http-nio-8181-exec-10] c.hk.blog.dao.BlogTagsDAO.getOneByBlog   : ==>  Preparing: select * from t_blog_tags where blogs_id=? 
2020-08-07 19:15:23.785 DEBUG 2588 --- [http-nio-8181-exec-10] c.hk.blog.dao.BlogTagsDAO.getOneByBlog   : ==> Parameters: 24(Long)
2020-08-07 19:15:23.796 DEBUG 2588 --- [http-nio-8181-exec-10] c.hk.blog.dao.BlogTagsDAO.getOneByBlog   : <==      Total: 1
2020-08-07 19:15:23.797 DEBUG 2588 --- [http-nio-8181-exec-10] com.hk.blog.dao.TagDAO.getOne            : ==>  Preparing: select * from t_tag where id=? 
2020-08-07 19:15:23.798 DEBUG 2588 --- [http-nio-8181-exec-10] com.hk.blog.dao.TagDAO.getOne            : ==> Parameters: 17(Long)
2020-08-07 19:15:23.809 DEBUG 2588 --- [http-nio-8181-exec-10] com.hk.blog.dao.TagDAO.getOne            : <==      Total: 1
2020-08-07 19:15:23.811 DEBUG 2588 --- [http-nio-8181-exec-10] com.hk.blog.dao.UserDAO.findByUserId     : ==>  Preparing: select * from t_user where id = ? 
2020-08-07 19:15:23.812 DEBUG 2588 --- [http-nio-8181-exec-10] com.hk.blog.dao.UserDAO.findByUserId     : ==> Parameters: 1(Long)
2020-08-07 19:15:23.835 DEBUG 2588 --- [http-nio-8181-exec-10] com.hk.blog.dao.UserDAO.findByUserId     : <==      Total: 1
2020-08-07 19:15:23.837 DEBUG 2588 --- [http-nio-8181-exec-10] com.hk.blog.dao.TypeDAO.getOne           : ==>  Preparing: select * from t_type where id=? 
2020-08-07 19:15:23.837 DEBUG 2588 --- [http-nio-8181-exec-10] com.hk.blog.dao.TypeDAO.getOne           : ==> Parameters: 15(Long)
2020-08-07 19:15:23.846 DEBUG 2588 --- [http-nio-8181-exec-10] com.hk.blog.dao.TypeDAO.getOne           : <==      Total: 1
2020-08-07 19:15:23.847 DEBUG 2588 --- [http-nio-8181-exec-10] c.hk.blog.dao.BlogTagsDAO.getOneByBlog   : ==>  Preparing: select * from t_blog_tags where blogs_id=? 
2020-08-07 19:15:23.847 DEBUG 2588 --- [http-nio-8181-exec-10] c.hk.blog.dao.BlogTagsDAO.getOneByBlog   : ==> Parameters: 23(Long)
2020-08-07 19:15:23.856 DEBUG 2588 --- [http-nio-8181-exec-10] c.hk.blog.dao.BlogTagsDAO.getOneByBlog   : <==      Total: 2
2020-08-07 19:15:23.857 DEBUG 2588 --- [http-nio-8181-exec-10] com.hk.blog.dao.TagDAO.getOne            : ==>  Preparing: select * from t_tag where id=? 
2020-08-07 19:15:23.858 DEBUG 2588 --- [http-nio-8181-exec-10] com.hk.blog.dao.TagDAO.getOne            : ==> Parameters: 14(Long)
2020-08-07 19:15:23.869 DEBUG 2588 --- [http-nio-8181-exec-10] com.hk.blog.dao.TagDAO.getOne            : <==      Total: 1
2020-08-07 19:15:23.870 DEBUG 2588 --- [http-nio-8181-exec-10] com.hk.blog.dao.TagDAO.getOne            : ==>  Preparing: select * from t_tag where id=? 
2020-08-07 19:15:23.871 DEBUG 2588 --- [http-nio-8181-exec-10] com.hk.blog.dao.TagDAO.getOne            : ==> Parameters: 15(Long)
2020-08-07 19:15:23.891 DEBUG 2588 --- [http-nio-8181-exec-10] com.hk.blog.dao.TagDAO.getOne            : <==      Total: 1
2020-08-07 19:15:23.891 DEBUG 2588 --- [http-nio-8181-exec-10] com.hk.blog.dao.UserDAO.findByUserId     : ==>  Preparing: select * from t_user where id = ? 
2020-08-07 19:15:23.892 DEBUG 2588 --- [http-nio-8181-exec-10] com.hk.blog.dao.UserDAO.findByUserId     : ==> Parameters: 1(Long)
2020-08-07 19:15:23.901 DEBUG 2588 --- [http-nio-8181-exec-10] com.hk.blog.dao.UserDAO.findByUserId     : <==      Total: 1
2020-08-07 19:15:23.902 DEBUG 2588 --- [http-nio-8181-exec-10] com.hk.blog.dao.TypeDAO.getOne           : ==>  Preparing: select * from t_type where id=? 
2020-08-07 19:15:23.902 DEBUG 2588 --- [http-nio-8181-exec-10] com.hk.blog.dao.TypeDAO.getOne           : ==> Parameters: 15(Long)
2020-08-07 19:15:23.916 DEBUG 2588 --- [http-nio-8181-exec-10] com.hk.blog.dao.TypeDAO.getOne           : <==      Total: 1
2020-08-07 19:15:23.917 DEBUG 2588 --- [http-nio-8181-exec-10] c.hk.blog.dao.BlogTagsDAO.getOneByBlog   : ==>  Preparing: select * from t_blog_tags where blogs_id=? 
2020-08-07 19:15:23.917 DEBUG 2588 --- [http-nio-8181-exec-10] c.hk.blog.dao.BlogTagsDAO.getOneByBlog   : ==> Parameters: 22(Long)
2020-08-07 19:15:23.927 DEBUG 2588 --- [http-nio-8181-exec-10] c.hk.blog.dao.BlogTagsDAO.getOneByBlog   : <==      Total: 3
2020-08-07 19:15:23.928 DEBUG 2588 --- [http-nio-8181-exec-10] com.hk.blog.dao.TagDAO.getOne            : ==>  Preparing: select * from t_tag where id=? 
2020-08-07 19:15:23.928 DEBUG 2588 --- [http-nio-8181-exec-10] com.hk.blog.dao.TagDAO.getOne            : ==> Parameters: 14(Long)
2020-08-07 19:15:24.023 DEBUG 2588 --- [http-nio-8181-exec-10] com.hk.blog.dao.TagDAO.getOne            : <==      Total: 1
2020-08-07 19:15:24.024 DEBUG 2588 --- [http-nio-8181-exec-10] com.hk.blog.dao.TagDAO.getOne            : ==>  Preparing: select * from t_tag where id=? 
2020-08-07 19:15:24.024 DEBUG 2588 --- [http-nio-8181-exec-10] com.hk.blog.dao.TagDAO.getOne            : ==> Parameters: 16(Long)
2020-08-07 19:15:24.045 DEBUG 2588 --- [http-nio-8181-exec-10] com.hk.blog.dao.TagDAO.getOne            : <==      Total: 1
2020-08-07 19:15:24.046 DEBUG 2588 --- [http-nio-8181-exec-10] com.hk.blog.dao.TagDAO.getOne            : ==>  Preparing: select * from t_tag where id=? 
2020-08-07 19:15:24.046 DEBUG 2588 --- [http-nio-8181-exec-10] com.hk.blog.dao.TagDAO.getOne            : ==> Parameters: 15(Long)
2020-08-07 19:15:24.057 DEBUG 2588 --- [http-nio-8181-exec-10] com.hk.blog.dao.TagDAO.getOne            : <==      Total: 1
2020-08-07 19:15:24.058 DEBUG 2588 --- [http-nio-8181-exec-10] com.hk.blog.dao.TypeDAO.listAll          : ==>  Preparing: select * from t_type 
2020-08-07 19:15:24.058 DEBUG 2588 --- [http-nio-8181-exec-10] com.hk.blog.dao.TypeDAO.listAll          : ==> Parameters: 
2020-08-07 19:15:24.067 DEBUG 2588 --- [http-nio-8181-exec-10] com.hk.blog.dao.TypeDAO.listAll          : <==      Total: 4
2020-08-07 19:15:24.537  INFO 2588 --- [http-nio-8181-exec-9] com.hk.blog.aspect.LogAspect             : Request : {url='http://localhost:8181/footer/newblog', ip='0:0:0:0:0:0:0:1', classMethod='com.hk.blog.controller.IndexController.newblogs', args=[{}]}
2020-08-07 19:15:24.538 DEBUG 2588 --- [http-nio-8181-exec-9] com.hk.blog.dao.BlogDAO.findTop          : ==>  Preparing: select * from t_blog where recommend=1 order by update_time desc limit ? 
2020-08-07 19:15:24.539 DEBUG 2588 --- [http-nio-8181-exec-9] com.hk.blog.dao.BlogDAO.findTop          : ==> Parameters: 3(Integer)
2020-08-07 19:15:24.561 DEBUG 2588 --- [http-nio-8181-exec-9] com.hk.blog.dao.BlogDAO.findTop          : <==      Total: 3
2020-08-07 19:15:24.561  INFO 2588 --- [http-nio-8181-exec-9] com.hk.blog.aspect.LogAspect             : Result : _fragments :: newblogList
2020-08-07 19:15:25.996 DEBUG 2588 --- [http-nio-8181-exec-10] com.hk.blog.dao.TypeDAO.listAll          : ==>  Preparing: select * from t_type 
2020-08-07 19:15:25.996 DEBUG 2588 --- [http-nio-8181-exec-10] com.hk.blog.dao.TypeDAO.listAll          : ==> Parameters: 
2020-08-07 19:15:26.008 DEBUG 2588 --- [http-nio-8181-exec-10] com.hk.blog.dao.TypeDAO.listAll          : <==      Total: 4
2020-08-07 19:15:26.009 DEBUG 2588 --- [http-nio-8181-exec-10] com.hk.blog.dao.TagDAO.listAll           : ==>  Preparing: select * from t_tag 
2020-08-07 19:15:26.009 DEBUG 2588 --- [http-nio-8181-exec-10] com.hk.blog.dao.TagDAO.listAll           : ==> Parameters: 
2020-08-07 19:15:26.021 DEBUG 2588 --- [http-nio-8181-exec-10] com.hk.blog.dao.TagDAO.listAll           : <==      Total: 11
2020-08-07 19:15:26.471  INFO 2588 --- [http-nio-8181-exec-9] com.hk.blog.aspect.LogAspect             : Request : {url='http://localhost:8181/footer/newblog', ip='0:0:0:0:0:0:0:1', classMethod='com.hk.blog.controller.IndexController.newblogs', args=[{}]}
2020-08-07 19:15:26.471 DEBUG 2588 --- [http-nio-8181-exec-9] com.hk.blog.dao.BlogDAO.findTop          : ==>  Preparing: select * from t_blog where recommend=1 order by update_time desc limit ? 
2020-08-07 19:15:26.471 DEBUG 2588 --- [http-nio-8181-exec-9] com.hk.blog.dao.BlogDAO.findTop          : ==> Parameters: 3(Integer)
2020-08-07 19:15:26.501 DEBUG 2588 --- [http-nio-8181-exec-9] com.hk.blog.dao.BlogDAO.findTop          : <==      Total: 3
2020-08-07 19:15:26.501  INFO 2588 --- [http-nio-8181-exec-9] com.hk.blog.aspect.LogAspect             : Result : _fragments :: newblogList
2020-08-07 19:24:43.274 DEBUG 2588 --- [http-nio-8181-exec-6] com.hk.blog.dao.TypeDAO.listAll          : ==>  Preparing: select * from t_type 
2020-08-07 19:24:43.275 DEBUG 2588 --- [http-nio-8181-exec-6] com.hk.blog.dao.TypeDAO.listAll          : ==> Parameters: 
2020-08-07 19:24:43.287 DEBUG 2588 --- [http-nio-8181-exec-6] com.hk.blog.dao.TypeDAO.listAll          : <==      Total: 4
2020-08-07 19:24:43.288 DEBUG 2588 --- [http-nio-8181-exec-6] com.hk.blog.dao.TagDAO.listAll           : ==>  Preparing: select * from t_tag 
2020-08-07 19:24:43.288 DEBUG 2588 --- [http-nio-8181-exec-6] com.hk.blog.dao.TagDAO.listAll           : ==> Parameters: 
2020-08-07 19:24:43.296 DEBUG 2588 --- [http-nio-8181-exec-6] com.hk.blog.dao.TagDAO.listAll           : <==      Total: 11
2020-08-07 19:24:43.842  INFO 2588 --- [http-nio-8181-exec-5] com.hk.blog.aspect.LogAspect             : Request : {url='http://localhost:8181/footer/newblog', ip='0:0:0:0:0:0:0:1', classMethod='com.hk.blog.controller.IndexController.newblogs', args=[{}]}
2020-08-07 19:24:43.851 DEBUG 2588 --- [http-nio-8181-exec-5] com.hk.blog.dao.BlogDAO.findTop          : ==>  Preparing: select * from t_blog where recommend=1 order by update_time desc limit ? 
2020-08-07 19:24:43.851 DEBUG 2588 --- [http-nio-8181-exec-5] com.hk.blog.dao.BlogDAO.findTop          : ==> Parameters: 3(Integer)
2020-08-07 19:24:43.884 DEBUG 2588 --- [http-nio-8181-exec-5] com.hk.blog.dao.BlogDAO.findTop          : <==      Total: 3
2020-08-07 19:24:43.884  INFO 2588 --- [http-nio-8181-exec-5] com.hk.blog.aspect.LogAspect             : Result : _fragments :: newblogList
2020-08-07 19:25:09.850 DEBUG 2588 --- [http-nio-8181-exec-7] com.hk.blog.dao.TypeDAO.listAll          : ==>  Preparing: select * from t_type 
2020-08-07 19:25:09.850 DEBUG 2588 --- [http-nio-8181-exec-7] com.hk.blog.dao.TypeDAO.listAll          : ==> Parameters: 
2020-08-07 19:25:09.859 DEBUG 2588 --- [http-nio-8181-exec-7] com.hk.blog.dao.TypeDAO.listAll          : <==      Total: 4
2020-08-07 19:25:09.860 DEBUG 2588 --- [http-nio-8181-exec-7] com.hk.blog.dao.TagDAO.listAll           : ==>  Preparing: select * from t_tag 
2020-08-07 19:25:09.860 DEBUG 2588 --- [http-nio-8181-exec-7] com.hk.blog.dao.TagDAO.listAll           : ==> Parameters: 
2020-08-07 19:25:09.870 DEBUG 2588 --- [http-nio-8181-exec-7] com.hk.blog.dao.TagDAO.listAll           : <==      Total: 11
2020-08-07 19:25:10.363  INFO 2588 --- [http-nio-8181-exec-5] com.hk.blog.aspect.LogAspect             : Request : {url='http://localhost:8181/footer/newblog', ip='0:0:0:0:0:0:0:1', classMethod='com.hk.blog.controller.IndexController.newblogs', args=[{}]}
2020-08-07 19:25:10.363 DEBUG 2588 --- [http-nio-8181-exec-5] com.hk.blog.dao.BlogDAO.findTop          : ==>  Preparing: select * from t_blog where recommend=1 order by update_time desc limit ? 
2020-08-07 19:25:10.363 DEBUG 2588 --- [http-nio-8181-exec-5] com.hk.blog.dao.BlogDAO.findTop          : ==> Parameters: 3(Integer)
2020-08-07 19:25:10.390 DEBUG 2588 --- [http-nio-8181-exec-5] com.hk.blog.dao.BlogDAO.findTop          : <==      Total: 3
2020-08-07 19:25:10.391  INFO 2588 --- [http-nio-8181-exec-5] com.hk.blog.aspect.LogAspect             : Result : _fragments :: newblogList
2020-08-07 19:26:09.303 DEBUG 2588 --- [http-nio-8181-exec-5] com.hk.blog.dao.TypeDAO.listAll          : ==>  Preparing: select * from t_type 
2020-08-07 19:26:09.303 DEBUG 2588 --- [http-nio-8181-exec-5] com.hk.blog.dao.TypeDAO.listAll          : ==> Parameters: 
2020-08-07 19:26:09.313 DEBUG 2588 --- [http-nio-8181-exec-5] com.hk.blog.dao.TypeDAO.listAll          : <==      Total: 4
2020-08-07 19:26:09.314 DEBUG 2588 --- [http-nio-8181-exec-5] com.hk.blog.dao.TagDAO.listAll           : ==>  Preparing: select * from t_tag 
2020-08-07 19:26:09.314 DEBUG 2588 --- [http-nio-8181-exec-5] com.hk.blog.dao.TagDAO.listAll           : ==> Parameters: 
2020-08-07 19:26:09.326 DEBUG 2588 --- [http-nio-8181-exec-5] com.hk.blog.dao.TagDAO.listAll           : <==      Total: 11
2020-08-07 19:26:09.876  INFO 2588 --- [http-nio-8181-exec-6] com.hk.blog.aspect.LogAspect             : Request : {url='http://localhost:8181/footer/newblog', ip='0:0:0:0:0:0:0:1', classMethod='com.hk.blog.controller.IndexController.newblogs', args=[{}]}
2020-08-07 19:26:09.884 DEBUG 2588 --- [http-nio-8181-exec-6] com.hk.blog.dao.BlogDAO.findTop          : ==>  Preparing: select * from t_blog where recommend=1 order by update_time desc limit ? 
2020-08-07 19:26:09.885 DEBUG 2588 --- [http-nio-8181-exec-6] com.hk.blog.dao.BlogDAO.findTop          : ==> Parameters: 3(Integer)
2020-08-07 19:26:09.912 DEBUG 2588 --- [http-nio-8181-exec-6] com.hk.blog.dao.BlogDAO.findTop          : <==      Total: 3
2020-08-07 19:26:09.912  INFO 2588 --- [http-nio-8181-exec-6] com.hk.blog.aspect.LogAspect             : Result : _fragments :: newblogList
2020-08-07 19:28:50.923 DEBUG 2588 --- [http-nio-8181-exec-9] com.hk.blog.dao.TypeDAO.listAll          : ==>  Preparing: select * from t_type 
2020-08-07 19:28:50.924 DEBUG 2588 --- [http-nio-8181-exec-9] com.hk.blog.dao.TypeDAO.listAll          : ==> Parameters: 
2020-08-07 19:28:50.941 DEBUG 2588 --- [http-nio-8181-exec-9] com.hk.blog.dao.TypeDAO.listAll          : <==      Total: 4
2020-08-07 19:28:50.942 DEBUG 2588 --- [http-nio-8181-exec-9] com.hk.blog.dao.TagDAO.listAll           : ==>  Preparing: select * from t_tag 
2020-08-07 19:28:50.942 DEBUG 2588 --- [http-nio-8181-exec-9] com.hk.blog.dao.TagDAO.listAll           : ==> Parameters: 
2020-08-07 19:28:50.966 DEBUG 2588 --- [http-nio-8181-exec-9] com.hk.blog.dao.TagDAO.listAll           : <==      Total: 11
2020-08-07 19:28:51.515  INFO 2588 --- [http-nio-8181-exec-10] com.hk.blog.aspect.LogAspect             : Request : {url='http://localhost:8181/footer/newblog', ip='0:0:0:0:0:0:0:1', classMethod='com.hk.blog.controller.IndexController.newblogs', args=[{}]}
2020-08-07 19:28:51.523 DEBUG 2588 --- [http-nio-8181-exec-10] com.hk.blog.dao.BlogDAO.findTop          : ==>  Preparing: select * from t_blog where recommend=1 order by update_time desc limit ? 
2020-08-07 19:28:51.523 DEBUG 2588 --- [http-nio-8181-exec-10] com.hk.blog.dao.BlogDAO.findTop          : ==> Parameters: 3(Integer)
2020-08-07 19:28:51.556 DEBUG 2588 --- [http-nio-8181-exec-10] com.hk.blog.dao.BlogDAO.findTop          : <==      Total: 3
2020-08-07 19:28:51.557  INFO 2588 --- [http-nio-8181-exec-10] com.hk.blog.aspect.LogAspect             : Result : _fragments :: newblogList
2020-08-07 19:30:17.785 DEBUG 2588 --- [http-nio-8181-exec-7] com.hk.blog.dao.TypeDAO.listAll          : ==>  Preparing: select * from t_type 
2020-08-07 19:30:17.785 DEBUG 2588 --- [http-nio-8181-exec-7] com.hk.blog.dao.TypeDAO.listAll          : ==> Parameters: 
2020-08-07 19:30:17.793 DEBUG 2588 --- [http-nio-8181-exec-7] com.hk.blog.dao.TypeDAO.listAll          : <==      Total: 4
2020-08-07 19:30:17.794 DEBUG 2588 --- [http-nio-8181-exec-7] com.hk.blog.dao.TagDAO.listAll           : ==>  Preparing: select * from t_tag 
2020-08-07 19:30:17.794 DEBUG 2588 --- [http-nio-8181-exec-7] com.hk.blog.dao.TagDAO.listAll           : ==> Parameters: 
2020-08-07 19:30:17.803 DEBUG 2588 --- [http-nio-8181-exec-7] com.hk.blog.dao.TagDAO.listAll           : <==      Total: 11
2020-08-07 19:30:18.535  INFO 2588 --- [http-nio-8181-exec-1] com.hk.blog.aspect.LogAspect             : Request : {url='http://localhost:8181/footer/newblog', ip='0:0:0:0:0:0:0:1', classMethod='com.hk.blog.controller.IndexController.newblogs', args=[{}]}
2020-08-07 19:30:18.544 DEBUG 2588 --- [http-nio-8181-exec-1] com.hk.blog.dao.BlogDAO.findTop          : ==>  Preparing: select * from t_blog where recommend=1 order by update_time desc limit ? 
2020-08-07 19:30:18.545 DEBUG 2588 --- [http-nio-8181-exec-1] com.hk.blog.dao.BlogDAO.findTop          : ==> Parameters: 3(Integer)
2020-08-07 19:30:18.568 DEBUG 2588 --- [http-nio-8181-exec-1] com.hk.blog.dao.BlogDAO.findTop          : <==      Total: 3
2020-08-07 19:30:18.569  INFO 2588 --- [http-nio-8181-exec-1] com.hk.blog.aspect.LogAspect             : Result : _fragments :: newblogList
2020-08-07 19:34:22.576 DEBUG 2588 --- [http-nio-8181-exec-8] com.hk.blog.dao.TypeDAO.listAll          : ==>  Preparing: select * from t_type 
2020-08-07 19:34:22.577 DEBUG 2588 --- [http-nio-8181-exec-8] com.hk.blog.dao.TypeDAO.listAll          : ==> Parameters: 
2020-08-07 19:34:22.589 DEBUG 2588 --- [http-nio-8181-exec-8] com.hk.blog.dao.TypeDAO.listAll          : <==      Total: 4
2020-08-07 19:34:22.590 DEBUG 2588 --- [http-nio-8181-exec-8] com.hk.blog.dao.TagDAO.listAll           : ==>  Preparing: select * from t_tag 
2020-08-07 19:34:22.590 DEBUG 2588 --- [http-nio-8181-exec-8] com.hk.blog.dao.TagDAO.listAll           : ==> Parameters: 
2020-08-07 19:34:22.602 DEBUG 2588 --- [http-nio-8181-exec-8] com.hk.blog.dao.TagDAO.listAll           : <==      Total: 11
2020-08-07 19:34:23.135  INFO 2588 --- [http-nio-8181-exec-4] com.hk.blog.aspect.LogAspect             : Request : {url='http://localhost:8181/footer/newblog', ip='0:0:0:0:0:0:0:1', classMethod='com.hk.blog.controller.IndexController.newblogs', args=[{}]}
2020-08-07 19:34:23.143 DEBUG 2588 --- [http-nio-8181-exec-4] com.hk.blog.dao.BlogDAO.findTop          : ==>  Preparing: select * from t_blog where recommend=1 order by update_time desc limit ? 
2020-08-07 19:34:23.144 DEBUG 2588 --- [http-nio-8181-exec-4] com.hk.blog.dao.BlogDAO.findTop          : ==> Parameters: 3(Integer)
2020-08-07 19:34:23.176 DEBUG 2588 --- [http-nio-8181-exec-4] com.hk.blog.dao.BlogDAO.findTop          : <==      Total: 3
2020-08-07 19:34:23.176  INFO 2588 --- [http-nio-8181-exec-4] com.hk.blog.aspect.LogAspect             : Result : _fragments :: newblogList
2020-08-07 19:38:54.791 DEBUG 2588 --- [http-nio-8181-exec-9] com.hk.blog.dao.TypeDAO.listAll          : ==>  Preparing: select * from t_type 
2020-08-07 19:38:54.792 DEBUG 2588 --- [http-nio-8181-exec-9] com.hk.blog.dao.TypeDAO.listAll          : ==> Parameters: 
2020-08-07 19:38:54.804 DEBUG 2588 --- [http-nio-8181-exec-9] com.hk.blog.dao.TypeDAO.listAll          : <==      Total: 4
2020-08-07 19:38:54.804 DEBUG 2588 --- [http-nio-8181-exec-9] com.hk.blog.dao.TagDAO.listAll           : ==>  Preparing: select * from t_tag 
2020-08-07 19:38:54.804 DEBUG 2588 --- [http-nio-8181-exec-9] com.hk.blog.dao.TagDAO.listAll           : ==> Parameters: 
2020-08-07 19:38:54.814 DEBUG 2588 --- [http-nio-8181-exec-9] com.hk.blog.dao.TagDAO.listAll           : <==      Total: 11
2020-08-07 19:38:55.349  INFO 2588 --- [http-nio-8181-exec-8] com.hk.blog.aspect.LogAspect             : Request : {url='http://localhost:8181/footer/newblog', ip='0:0:0:0:0:0:0:1', classMethod='com.hk.blog.controller.IndexController.newblogs', args=[{}]}
2020-08-07 19:38:55.358 DEBUG 2588 --- [http-nio-8181-exec-8] com.hk.blog.dao.BlogDAO.findTop          : ==>  Preparing: select * from t_blog where recommend=1 order by update_time desc limit ? 
2020-08-07 19:38:55.358 DEBUG 2588 --- [http-nio-8181-exec-8] com.hk.blog.dao.BlogDAO.findTop          : ==> Parameters: 3(Integer)
2020-08-07 19:38:55.389 DEBUG 2588 --- [http-nio-8181-exec-8] com.hk.blog.dao.BlogDAO.findTop          : <==      Total: 3
2020-08-07 19:38:55.389  INFO 2588 --- [http-nio-8181-exec-8] com.hk.blog.aspect.LogAspect             : Result : _fragments :: newblogList
2020-08-07 19:48:20.680 DEBUG 2588 --- [http-nio-8181-exec-2] com.hk.blog.dao.TypeDAO.listAll          : ==>  Preparing: select * from t_type 
2020-08-07 19:48:20.680 DEBUG 2588 --- [http-nio-8181-exec-2] com.hk.blog.dao.TypeDAO.listAll          : ==> Parameters: 
2020-08-07 19:48:20.689 DEBUG 2588 --- [http-nio-8181-exec-2] com.hk.blog.dao.TypeDAO.listAll          : <==      Total: 4
2020-08-07 19:48:20.689 DEBUG 2588 --- [http-nio-8181-exec-2] com.hk.blog.dao.TagDAO.listAll           : ==>  Preparing: select * from t_tag 
2020-08-07 19:48:20.689 DEBUG 2588 --- [http-nio-8181-exec-2] com.hk.blog.dao.TagDAO.listAll           : ==> Parameters: 
2020-08-07 19:48:20.698 DEBUG 2588 --- [http-nio-8181-exec-2] com.hk.blog.dao.TagDAO.listAll           : <==      Total: 11
2020-08-07 19:48:21.220  INFO 2588 --- [http-nio-8181-exec-7] com.hk.blog.aspect.LogAspect             : Request : {url='http://localhost:8181/footer/newblog', ip='0:0:0:0:0:0:0:1', classMethod='com.hk.blog.controller.IndexController.newblogs', args=[{}]}
2020-08-07 19:48:21.232 DEBUG 2588 --- [http-nio-8181-exec-7] com.hk.blog.dao.BlogDAO.findTop          : ==>  Preparing: select * from t_blog where recommend=1 order by update_time desc limit ? 
2020-08-07 19:48:21.233 DEBUG 2588 --- [http-nio-8181-exec-7] com.hk.blog.dao.BlogDAO.findTop          : ==> Parameters: 3(Integer)
2020-08-07 19:48:21.278 DEBUG 2588 --- [http-nio-8181-exec-7] com.hk.blog.dao.BlogDAO.findTop          : <==      Total: 3
2020-08-07 19:48:21.279  INFO 2588 --- [http-nio-8181-exec-7] com.hk.blog.aspect.LogAspect             : Result : _fragments :: newblogList
2020-08-07 19:58:37.462  INFO 10200 --- [restartedMain] com.hk.blog.BlogApplication              : Starting BlogApplication on DESKTOP-0EJ1N0L with PID 10200 (E:\IntelliJ IDEA Dome\blog\blog\target\classes started by Mr.Duan in E:\IntelliJ IDEA Dome\blog\blog)
2020-08-07 19:58:37.473 DEBUG 10200 --- [restartedMain] com.hk.blog.BlogApplication              : Running with Spring Boot v2.3.1.RELEASE, Spring v5.2.7.RELEASE
2020-08-07 19:58:37.473  INFO 10200 --- [restartedMain] com.hk.blog.BlogApplication              : The following profiles are active: pro
2020-08-07 19:58:43.918  INFO 10200 --- [restartedMain] com.hk.blog.BlogApplication              : Started BlogApplication in 8.556 seconds (JVM running for 12.405)
2020-08-07 19:59:05.331 DEBUG 10200 --- [http-nio-8181-exec-1] com.hk.blog.dao.UserDAO.findByUsername   : ==>  Preparing: select * from t_user where username = ? 
2020-08-07 19:59:05.378 DEBUG 10200 --- [http-nio-8181-exec-1] com.hk.blog.dao.UserDAO.findByUsername   : ==> Parameters: admin(String)
2020-08-07 19:59:05.411 DEBUG 10200 --- [http-nio-8181-exec-1] com.hk.blog.dao.UserDAO.findByUsername   : <==      Total: 1
2020-08-07 19:59:06.034  INFO 10200 --- [http-nio-8181-exec-10] com.hk.blog.aspect.LogAspect             : Request : {url='http://localhost:8181/footer/newblog', ip='0:0:0:0:0:0:0:1', classMethod='com.hk.blog.controller.IndexController.newblogs', args=[{}]}
2020-08-07 19:59:06.056 DEBUG 10200 --- [http-nio-8181-exec-10] com.hk.blog.dao.BlogDAO.findTop          : ==>  Preparing: select * from t_blog where recommend=1 order by update_time desc limit ? 
2020-08-07 19:59:06.056 DEBUG 10200 --- [http-nio-8181-exec-10] com.hk.blog.dao.BlogDAO.findTop          : ==> Parameters: 3(Integer)
2020-08-07 19:59:06.087 DEBUG 10200 --- [http-nio-8181-exec-10] com.hk.blog.dao.BlogDAO.findTop          : <==      Total: 3
2020-08-07 19:59:06.089  INFO 10200 --- [http-nio-8181-exec-10] com.hk.blog.aspect.LogAspect             : Result : _fragments :: newblogList
2020-08-07 19:59:07.268 DEBUG 10200 --- [http-nio-8181-exec-1] com.hk.blog.dao.BlogDAO.listAll_COUNT    : ==>  Preparing: SELECT count(0) FROM t_blog 
2020-08-07 19:59:07.268 DEBUG 10200 --- [http-nio-8181-exec-1] com.hk.blog.dao.BlogDAO.listAll_COUNT    : ==> Parameters: 
2020-08-07 19:59:07.277 DEBUG 10200 --- [http-nio-8181-exec-1] com.hk.blog.dao.BlogDAO.listAll_COUNT    : <==      Total: 1
2020-08-07 19:59:07.279 DEBUG 10200 --- [http-nio-8181-exec-1] com.hk.blog.dao.BlogDAO.listAll          : ==>  Preparing: select * from t_blog order by update_time desc LIMIT ? 
2020-08-07 19:59:07.280 DEBUG 10200 --- [http-nio-8181-exec-1] com.hk.blog.dao.BlogDAO.listAll          : ==> Parameters: 5(Integer)
2020-08-07 19:59:07.315 DEBUG 10200 --- [http-nio-8181-exec-1] com.hk.blog.dao.BlogDAO.listAll          : <==      Total: 5
2020-08-07 19:59:07.316 DEBUG 10200 --- [http-nio-8181-exec-1] com.hk.blog.dao.UserDAO.findByUserId     : ==>  Preparing: select * from t_user where id = ? 
2020-08-07 19:59:07.316 DEBUG 10200 --- [http-nio-8181-exec-1] com.hk.blog.dao.UserDAO.findByUserId     : ==> Parameters: 1(Long)
2020-08-07 19:59:07.326 DEBUG 10200 --- [http-nio-8181-exec-1] com.hk.blog.dao.UserDAO.findByUserId     : <==      Total: 1
2020-08-07 19:59:07.327 DEBUG 10200 --- [http-nio-8181-exec-1] com.hk.blog.dao.TypeDAO.getOne           : ==>  Preparing: select * from t_type where id=? 
2020-08-07 19:59:07.327 DEBUG 10200 --- [http-nio-8181-exec-1] com.hk.blog.dao.TypeDAO.getOne           : ==> Parameters: 15(Long)
2020-08-07 19:59:07.336 DEBUG 10200 --- [http-nio-8181-exec-1] com.hk.blog.dao.TypeDAO.getOne           : <==      Total: 1
2020-08-07 19:59:07.338 DEBUG 10200 --- [http-nio-8181-exec-1] c.hk.blog.dao.BlogTagsDAO.getOneByBlog   : ==>  Preparing: select * from t_blog_tags where blogs_id=? 
2020-08-07 19:59:07.338 DEBUG 10200 --- [http-nio-8181-exec-1] c.hk.blog.dao.BlogTagsDAO.getOneByBlog   : ==> Parameters: 25(Long)
2020-08-07 19:59:07.348 DEBUG 10200 --- [http-nio-8181-exec-1] c.hk.blog.dao.BlogTagsDAO.getOneByBlog   : <==      Total: 1
2020-08-07 19:59:07.348 DEBUG 10200 --- [http-nio-8181-exec-1] com.hk.blog.dao.TagDAO.getOne            : ==>  Preparing: select * from t_tag where id=? 
2020-08-07 19:59:07.349 DEBUG 10200 --- [http-nio-8181-exec-1] com.hk.blog.dao.TagDAO.getOne            : ==> Parameters: 18(Long)
2020-08-07 19:59:07.357 DEBUG 10200 --- [http-nio-8181-exec-1] com.hk.blog.dao.TagDAO.getOne            : <==      Total: 1
2020-08-07 19:59:07.358 DEBUG 10200 --- [http-nio-8181-exec-1] com.hk.blog.dao.UserDAO.findByUserId     : ==>  Preparing: select * from t_user where id = ? 
2020-08-07 19:59:07.358 DEBUG 10200 --- [http-nio-8181-exec-1] com.hk.blog.dao.UserDAO.findByUserId     : ==> Parameters: 1(Long)
2020-08-07 19:59:07.374 DEBUG 10200 --- [http-nio-8181-exec-1] com.hk.blog.dao.UserDAO.findByUserId     : <==      Total: 1
2020-08-07 19:59:07.374 DEBUG 10200 --- [http-nio-8181-exec-1] com.hk.blog.dao.TypeDAO.getOne           : ==>  Preparing: select * from t_type where id=? 
2020-08-07 19:59:07.375 DEBUG 10200 --- [http-nio-8181-exec-1] com.hk.blog.dao.TypeDAO.getOne           : ==> Parameters: 15(Long)
2020-08-07 19:59:07.386 DEBUG 10200 --- [http-nio-8181-exec-1] com.hk.blog.dao.TypeDAO.getOne           : <==      Total: 1
2020-08-07 19:59:07.387 DEBUG 10200 --- [http-nio-8181-exec-1] c.hk.blog.dao.BlogTagsDAO.getOneByBlog   : ==>  Preparing: select * from t_blog_tags where blogs_id=? 
2020-08-07 19:59:07.388 DEBUG 10200 --- [http-nio-8181-exec-1] c.hk.blog.dao.BlogTagsDAO.getOneByBlog   : ==> Parameters: 26(Long)
2020-08-07 19:59:07.399 DEBUG 10200 --- [http-nio-8181-exec-1] c.hk.blog.dao.BlogTagsDAO.getOneByBlog   : <==      Total: 1
2020-08-07 19:59:07.400 DEBUG 10200 --- [http-nio-8181-exec-1] com.hk.blog.dao.TagDAO.getOne            : ==>  Preparing: select * from t_tag where id=? 
2020-08-07 19:59:07.400 DEBUG 10200 --- [http-nio-8181-exec-1] com.hk.blog.dao.TagDAO.getOne            : ==> Parameters: 10(Long)
2020-08-07 19:59:07.411 DEBUG 10200 --- [http-nio-8181-exec-1] com.hk.blog.dao.TagDAO.getOne            : <==      Total: 1
2020-08-07 19:59:07.412 DEBUG 10200 --- [http-nio-8181-exec-1] com.hk.blog.dao.UserDAO.findByUserId     : ==>  Preparing: select * from t_user where id = ? 
2020-08-07 19:59:07.413 DEBUG 10200 --- [http-nio-8181-exec-1] com.hk.blog.dao.UserDAO.findByUserId     : ==> Parameters: 1(Long)
2020-08-07 19:59:07.423 DEBUG 10200 --- [http-nio-8181-exec-1] com.hk.blog.dao.UserDAO.findByUserId     : <==      Total: 1
2020-08-07 19:59:07.424 DEBUG 10200 --- [http-nio-8181-exec-1] com.hk.blog.dao.TypeDAO.getOne           : ==>  Preparing: select * from t_type where id=? 
2020-08-07 19:59:07.424 DEBUG 10200 --- [http-nio-8181-exec-1] com.hk.blog.dao.TypeDAO.getOne           : ==> Parameters: 16(Long)
2020-08-07 19:59:07.434 DEBUG 10200 --- [http-nio-8181-exec-1] com.hk.blog.dao.TypeDAO.getOne           : <==      Total: 1
2020-08-07 19:59:07.435 DEBUG 10200 --- [http-nio-8181-exec-1] c.hk.blog.dao.BlogTagsDAO.getOneByBlog   : ==>  Preparing: select * from t_blog_tags where blogs_id=? 
2020-08-07 19:59:07.435 DEBUG 10200 --- [http-nio-8181-exec-1] c.hk.blog.dao.BlogTagsDAO.getOneByBlog   : ==> Parameters: 24(Long)
2020-08-07 19:59:07.446 DEBUG 10200 --- [http-nio-8181-exec-1] c.hk.blog.dao.BlogTagsDAO.getOneByBlog   : <==      Total: 1
2020-08-07 19:59:07.447 DEBUG 10200 --- [http-nio-8181-exec-1] com.hk.blog.dao.TagDAO.getOne            : ==>  Preparing: select * from t_tag where id=? 
2020-08-07 19:59:07.448 DEBUG 10200 --- [http-nio-8181-exec-1] com.hk.blog.dao.TagDAO.getOne            : ==> Parameters: 17(Long)
2020-08-07 19:59:07.457 DEBUG 10200 --- [http-nio-8181-exec-1] com.hk.blog.dao.TagDAO.getOne            : <==      Total: 1
2020-08-07 19:59:07.459 DEBUG 10200 --- [http-nio-8181-exec-1] com.hk.blog.dao.UserDAO.findByUserId     : ==>  Preparing: select * from t_user where id = ? 
2020-08-07 19:59:07.459 DEBUG 10200 --- [http-nio-8181-exec-1] com.hk.blog.dao.UserDAO.findByUserId     : ==> Parameters: 1(Long)
2020-08-07 19:59:07.469 DEBUG 10200 --- [http-nio-8181-exec-1] com.hk.blog.dao.UserDAO.findByUserId     : <==      Total: 1
2020-08-07 19:59:07.470 DEBUG 10200 --- [http-nio-8181-exec-1] com.hk.blog.dao.TypeDAO.getOne           : ==>  Preparing: select * from t_type where id=? 
2020-08-07 19:59:07.470 DEBUG 10200 --- [http-nio-8181-exec-1] com.hk.blog.dao.TypeDAO.getOne           : ==> Parameters: 15(Long)
2020-08-07 19:59:07.481 DEBUG 10200 --- [http-nio-8181-exec-1] com.hk.blog.dao.TypeDAO.getOne           : <==      Total: 1
2020-08-07 19:59:07.483 DEBUG 10200 --- [http-nio-8181-exec-1] c.hk.blog.dao.BlogTagsDAO.getOneByBlog   : ==>  Preparing: select * from t_blog_tags where blogs_id=? 
2020-08-07 19:59:07.483 DEBUG 10200 --- [http-nio-8181-exec-1] c.hk.blog.dao.BlogTagsDAO.getOneByBlog   : ==> Parameters: 23(Long)
2020-08-07 19:59:07.492 DEBUG 10200 --- [http-nio-8181-exec-1] c.hk.blog.dao.BlogTagsDAO.getOneByBlog   : <==      Total: 2
2020-08-07 19:59:07.493 DEBUG 10200 --- [http-nio-8181-exec-1] com.hk.blog.dao.TagDAO.getOne            : ==>  Preparing: select * from t_tag where id=? 
2020-08-07 19:59:07.493 DEBUG 10200 --- [http-nio-8181-exec-1] com.hk.blog.dao.TagDAO.getOne            : ==> Parameters: 14(Long)
2020-08-07 19:59:07.502 DEBUG 10200 --- [http-nio-8181-exec-1] com.hk.blog.dao.TagDAO.getOne            : <==      Total: 1
2020-08-07 19:59:07.504 DEBUG 10200 --- [http-nio-8181-exec-1] com.hk.blog.dao.TagDAO.getOne            : ==>  Preparing: select * from t_tag where id=? 
2020-08-07 19:59:07.504 DEBUG 10200 --- [http-nio-8181-exec-1] com.hk.blog.dao.TagDAO.getOne            : ==> Parameters: 15(Long)
2020-08-07 19:59:07.512 DEBUG 10200 --- [http-nio-8181-exec-1] com.hk.blog.dao.TagDAO.getOne            : <==      Total: 1
2020-08-07 19:59:07.513 DEBUG 10200 --- [http-nio-8181-exec-1] com.hk.blog.dao.UserDAO.findByUserId     : ==>  Preparing: select * from t_user where id = ? 
2020-08-07 19:59:07.514 DEBUG 10200 --- [http-nio-8181-exec-1] com.hk.blog.dao.UserDAO.findByUserId     : ==> Parameters: 1(Long)
2020-08-07 19:59:07.523 DEBUG 10200 --- [http-nio-8181-exec-1] com.hk.blog.dao.UserDAO.findByUserId     : <==      Total: 1
2020-08-07 19:59:07.524 DEBUG 10200 --- [http-nio-8181-exec-1] com.hk.blog.dao.TypeDAO.getOne           : ==>  Preparing: select * from t_type where id=? 
2020-08-07 19:59:07.525 DEBUG 10200 --- [http-nio-8181-exec-1] com.hk.blog.dao.TypeDAO.getOne           : ==> Parameters: 15(Long)
2020-08-07 19:59:07.534 DEBUG 10200 --- [http-nio-8181-exec-1] com.hk.blog.dao.TypeDAO.getOne           : <==      Total: 1
2020-08-07 19:59:07.534 DEBUG 10200 --- [http-nio-8181-exec-1] c.hk.blog.dao.BlogTagsDAO.getOneByBlog   : ==>  Preparing: select * from t_blog_tags where blogs_id=? 
2020-08-07 19:59:07.535 DEBUG 10200 --- [http-nio-8181-exec-1] c.hk.blog.dao.BlogTagsDAO.getOneByBlog   : ==> Parameters: 22(Long)
2020-08-07 19:59:07.547 DEBUG 10200 --- [http-nio-8181-exec-1] c.hk.blog.dao.BlogTagsDAO.getOneByBlog   : <==      Total: 3
2020-08-07 19:59:07.547 DEBUG 10200 --- [http-nio-8181-exec-1] com.hk.blog.dao.TagDAO.getOne            : ==>  Preparing: select * from t_tag where id=? 
2020-08-07 19:59:07.547 DEBUG 10200 --- [http-nio-8181-exec-1] com.hk.blog.dao.TagDAO.getOne            : ==> Parameters: 14(Long)
2020-08-07 19:59:07.561 DEBUG 10200 --- [http-nio-8181-exec-1] com.hk.blog.dao.TagDAO.getOne            : <==      Total: 1
2020-08-07 19:59:07.562 DEBUG 10200 --- [http-nio-8181-exec-1] com.hk.blog.dao.TagDAO.getOne            : ==>  Preparing: select * from t_tag where id=? 
2020-08-07 19:59:07.563 DEBUG 10200 --- [http-nio-8181-exec-1] com.hk.blog.dao.TagDAO.getOne            : ==> Parameters: 16(Long)
2020-08-07 19:59:07.574 DEBUG 10200 --- [http-nio-8181-exec-1] com.hk.blog.dao.TagDAO.getOne            : <==      Total: 1
2020-08-07 19:59:07.575 DEBUG 10200 --- [http-nio-8181-exec-1] com.hk.blog.dao.TagDAO.getOne            : ==>  Preparing: select * from t_tag where id=? 
2020-08-07 19:59:07.576 DEBUG 10200 --- [http-nio-8181-exec-1] com.hk.blog.dao.TagDAO.getOne            : ==> Parameters: 15(Long)
2020-08-07 19:59:07.585 DEBUG 10200 --- [http-nio-8181-exec-1] com.hk.blog.dao.TagDAO.getOne            : <==      Total: 1
2020-08-07 19:59:07.586 DEBUG 10200 --- [http-nio-8181-exec-1] com.hk.blog.dao.TypeDAO.listAll          : ==>  Preparing: select * from t_type 
2020-08-07 19:59:07.587 DEBUG 10200 --- [http-nio-8181-exec-1] com.hk.blog.dao.TypeDAO.listAll          : ==> Parameters: 
2020-08-07 19:59:07.596 DEBUG 10200 --- [http-nio-8181-exec-1] com.hk.blog.dao.TypeDAO.listAll          : <==      Total: 4
2020-08-07 19:59:08.173  INFO 10200 --- [http-nio-8181-exec-10] com.hk.blog.aspect.LogAspect             : Request : {url='http://localhost:8181/footer/newblog', ip='0:0:0:0:0:0:0:1', classMethod='com.hk.blog.controller.IndexController.newblogs', args=[{}]}
2020-08-07 19:59:08.188 DEBUG 10200 --- [http-nio-8181-exec-10] com.hk.blog.dao.BlogDAO.findTop          : ==>  Preparing: select * from t_blog where recommend=1 order by update_time desc limit ? 
2020-08-07 19:59:08.189 DEBUG 10200 --- [http-nio-8181-exec-10] com.hk.blog.dao.BlogDAO.findTop          : ==> Parameters: 3(Integer)
2020-08-07 19:59:08.216 DEBUG 10200 --- [http-nio-8181-exec-10] com.hk.blog.dao.BlogDAO.findTop          : <==      Total: 3
2020-08-07 19:59:08.216  INFO 10200 --- [http-nio-8181-exec-10] com.hk.blog.aspect.LogAspect             : Result : _fragments :: newblogList
2020-08-07 19:59:08.656 DEBUG 10200 --- [http-nio-8181-exec-1] com.hk.blog.dao.TypeDAO.listAll          : ==>  Preparing: select * from t_type 
2020-08-07 19:59:08.657 DEBUG 10200 --- [http-nio-8181-exec-1] com.hk.blog.dao.TypeDAO.listAll          : ==> Parameters: 
2020-08-07 19:59:08.670 DEBUG 10200 --- [http-nio-8181-exec-1] com.hk.blog.dao.TypeDAO.listAll          : <==      Total: 4
2020-08-07 19:59:08.671 DEBUG 10200 --- [http-nio-8181-exec-1] com.hk.blog.dao.TagDAO.listAll           : ==>  Preparing: select * from t_tag 
2020-08-07 19:59:08.671 DEBUG 10200 --- [http-nio-8181-exec-1] com.hk.blog.dao.TagDAO.listAll           : ==> Parameters: 
2020-08-07 19:59:08.683 DEBUG 10200 --- [http-nio-8181-exec-1] com.hk.blog.dao.TagDAO.listAll           : <==      Total: 11
